2:08:40 PM  [main] 	Initializing Control Panel
2:08:40 PM  [main] 	Windows Version:  Enterprise  64-bit
2:08:40 PM  [main] 	XAMPP Version: 8.0.10
2:08:40 PM  [main] 	Control Panel Version: 3.3.0  [ Compiled: Apr 6th 2021 ]
2:08:40 PM  [main] 	You are not running with administrator rights! This will work for
2:08:40 PM  [main] 	most application stuff but whenever you do something with services
2:08:40 PM  [main] 	there will be a security dialogue or things will break! So think 
2:08:40 PM  [main] 	about running this application with administrator rights!
2:08:40 PM  [main] 	XAMPP Installation Directory: "c:\users\hsbcad-dev\downloads\xampp\"
2:08:40 PM  [main] 	Checking for prerequisites
2:08:40 PM  [main] 	All prerequisites found
2:08:40 PM  [main] 	Initializing Modules
2:08:40 PM  [main] 	The FileZilla module is disabled
2:08:40 PM  [main] 	The Mercury module is disabled
2:08:40 PM  [main] 	Starting Check-Timer
2:08:40 PM  [main] 	Control Panel Ready
2:08:43 PM  [Apache] 	Attempting to start Apache app...
2:08:44 PM  [Apache] 	Status change detected: running
2:08:45 PM  [Apache] 	Status change detected: stopped
2:08:45 PM  [Apache] 	Error: Apache shutdown unexpectedly.
2:08:45 PM  [Apache] 	This may be due to a blocked port, missing dependencies, 
2:08:45 PM  [Apache] 	improper privileges, a crash, or a shutdown by another method.
2:08:45 PM  [Apache] 	Press the Logs button to view error logs and check
2:08:45 PM  [Apache] 	the Windows Event Viewer for more clues
2:08:45 PM  [Apache] 	If you need more help, copy and post this
2:08:45 PM  [Apache] 	entire log window on the forums
2:09:15 PM  [mysql] 	Attempting to start MySQL app...
2:09:16 PM  [mysql] 	Status change detected: running
2:09:16 PM  [mysql] 	Status change detected: stopped
2:09:16 PM  [mysql] 	Error: MySQL shutdown unexpectedly.
2:09:16 PM  [mysql] 	This may be due to a blocked port, missing dependencies, 
2:09:16 PM  [mysql] 	improper privileges, a crash, or a shutdown by another method.
2:09:16 PM  [mysql] 	Press the Logs button to view error logs and check
2:09:17 PM  [mysql] 	the Windows Event Viewer for more clues
2:09:17 PM  [mysql] 	If you need more help, copy and post this
2:09:17 PM  [mysql] 	entire log window on the forums
2:09:41 PM  [main] 	Deinitializing Modules
2:09:41 PM  [main] 	Deinitializing Control Panel

2:10:22 PM  [main] 	Initializing Control Panel
2:10:22 PM  [main] 	Windows Version:  Enterprise  64-bit
2:10:22 PM  [main] 	XAMPP Version: 8.0.10
2:10:22 PM  [main] 	Control Panel Version: 3.3.0  [ Compiled: Apr 6th 2021 ]
2:10:22 PM  [main] 	You are not running with administrator rights! This will work for
2:10:22 PM  [main] 	most application stuff but whenever you do something with services
2:10:22 PM  [main] 	there will be a security dialogue or things will break! So think 
2:10:22 PM  [main] 	about running this application with administrator rights!
2:10:22 PM  [main] 	XAMPP Installation Directory: "c:\users\hsbcad-dev\downloads\xampp\"
2:10:22 PM  [main] 	Checking for prerequisites
2:10:22 PM  [main] 	All prerequisites found
2:10:22 PM  [main] 	Initializing Modules
2:10:22 PM  [main] 	The FileZilla module is disabled
2:10:22 PM  [main] 	The Mercury module is disabled
2:10:22 PM  [main] 	Starting Check-Timer
2:10:22 PM  [main] 	Control Panel Ready
2:10:24 PM  [mysql] 	Attempting to start MySQL app...
2:10:24 PM  [mysql] 	Status change detected: running
2:10:28 PM  [Apache] 	Attempting to start Apache app...
2:10:29 PM  [Apache] 	Status change detected: running
2:10:36 PM  [mysql] 	Attempting to stop MySQL app...
2:10:37 PM  [mysql] 	Status change detected: stopped
2:10:38 PM  [Apache] 	Attempting to stop Apache (PID: 672)
2:10:38 PM  [Apache] 	Attempting to stop Apache (PID: 33668)
2:10:38 PM  [Apache] 	Status change detected: stopped
2:10:39 PM  [main] 	Deinitializing Modules
2:10:39 PM  [main] 	Deinitializing Control Panel

2:09:50 PM  [main] 	Initializing Control Panel
2:09:50 PM  [main] 	Windows Version:  Enterprise  64-bit
2:09:50 PM  [main] 	XAMPP Version: 8.0.10
2:09:50 PM  [main] 	Control Panel Version: 3.3.0  [ Compiled: Apr 6th 2021 ]
2:09:50 PM  [main] 	You are not running with administrator rights! This will work for
2:09:50 PM  [main] 	most application stuff but whenever you do something with services
2:09:50 PM  [main] 	there will be a security dialogue or things will break! So think 
2:09:50 PM  [main] 	about running this application with administrator rights!
2:09:50 PM  [main] 	XAMPP Installation Directory: "c:\users\hsbcad-dev\downloads\xampp\"
2:09:50 PM  [main] 	Checking for prerequisites
2:09:50 PM  [main] 	All prerequisites found
2:09:50 PM  [main] 	Initializing Modules
2:09:50 PM  [main] 	The FileZilla module is disabled
2:09:50 PM  [main] 	The Mercury module is disabled
2:09:51 PM  [main] 	Starting Check-Timer
2:09:51 PM  [main] 	Control Panel Ready
2:10:24 PM  [mysql] 	Status change detected: running
2:10:29 PM  [Apache] 	Status change detected: running
2:10:37 PM  [mysql] 	Status change detected: stopped
2:10:37 PM  [mysql] 	Error: MySQL shutdown unexpectedly.
2:10:37 PM  [mysql] 	This may be due to a blocked port, missing dependencies, 
2:10:37 PM  [mysql] 	improper privileges, a crash, or a shutdown by another method.
2:10:37 PM  [mysql] 	Press the Logs button to view error logs and check
2:10:37 PM  [mysql] 	the Windows Event Viewer for more clues
2:10:37 PM  [mysql] 	If you need more help, copy and post this
2:10:37 PM  [mysql] 	entire log window on the forums
2:10:38 PM  [Apache] 	Status change detected: stopped
2:10:38 PM  [Apache] 	Error: Apache shutdown unexpectedly.
2:10:38 PM  [Apache] 	This may be due to a blocked port, missing dependencies, 
2:10:38 PM  [Apache] 	improper privileges, a crash, or a shutdown by another method.
2:10:38 PM  [Apache] 	Press the Logs button to view error logs and check
2:10:38 PM  [Apache] 	the Windows Event Viewer for more clues
2:10:38 PM  [Apache] 	If you need more help, copy and post this
2:10:38 PM  [Apache] 	entire log window on the forums
1:21:01 PM  [Apache] 	Status change detected: running
1:21:01 PM  [mysql] 	Status change detected: running
3:04:09 PM  [mysql] 	Status change detected: stopped
3:04:09 PM  [mysql] 	Error: MySQL shutdown unexpectedly.
3:04:09 PM  [mysql] 	This may be due to a blocked port, missing dependencies, 
3:04:09 PM  [mysql] 	improper privileges, a crash, or a shutdown by another method.
3:04:09 PM  [mysql] 	Press the Logs button to view error logs and check
3:04:09 PM  [mysql] 	the Windows Event Viewer for more clues
3:04:09 PM  [mysql] 	If you need more help, copy and post this
3:04:09 PM  [mysql] 	entire log window on the forums
3:04:10 PM  [Apache] 	Status change detected: stopped
3:04:10 PM  [Apache] 	Error: Apache shutdown unexpectedly.
3:04:10 PM  [Apache] 	This may be due to a blocked port, missing dependencies, 
3:04:10 PM  [Apache] 	improper privileges, a crash, or a shutdown by another method.
3:04:10 PM  [Apache] 	Press the Logs button to view error logs and check
3:04:10 PM  [Apache] 	the Windows Event Viewer for more clues
3:04:10 PM  [Apache] 	If you need more help, copy and post this
3:04:10 PM  [Apache] 	entire log window on the forums
3:11:40 PM  [main] 	Deinitializing Modules
3:11:40 PM  [main] 	Deinitializing Control Panel

1:20:55 PM  [main] 	Initializing Control Panel
1:20:55 PM  [main] 	Windows Version:  Enterprise  64-bit
1:20:55 PM  [main] 	XAMPP Version: 8.0.10
1:20:55 PM  [main] 	Control Panel Version: 3.3.0  [ Compiled: Apr 6th 2021 ]
1:20:55 PM  [main] 	You are not running with administrator rights! This will work for
1:20:55 PM  [main] 	most application stuff but whenever you do something with services
1:20:55 PM  [main] 	there will be a security dialogue or things will break! So think 
1:20:55 PM  [main] 	about running this application with administrator rights!
1:20:55 PM  [main] 	XAMPP Installation Directory: "c:\users\hsbcad-dev\downloads\xampp\"
1:20:55 PM  [main] 	Checking for prerequisites
1:20:57 PM  [main] 	All prerequisites found
1:20:57 PM  [main] 	Initializing Modules
1:20:57 PM  [main] 	The FileZilla module is disabled
1:20:57 PM  [main] 	The Mercury module is disabled
1:20:57 PM  [main] 	Starting Check-Timer
1:20:57 PM  [main] 	Control Panel Ready
1:20:59 PM  [Apache] 	Attempting to start Apache app...
1:21:00 PM  [Apache] 	Status change detected: running
1:21:01 PM  [mysql] 	Attempting to start MySQL app...
1:21:01 PM  [mysql] 	Status change detected: running
3:04:09 PM  [mysql] 	Attempting to stop MySQL app...
3:04:09 PM  [mysql] 	Status change detected: stopped
3:04:10 PM  [Apache] 	Attempting to stop Apache (PID: 17072)
3:04:10 PM  [Apache] 	Attempting to stop Apache (PID: 12108)
3:04:10 PM  [Apache] 	Status change detected: stopped
3:11:45 PM  [Apache] 	Attempting to start Apache app...
3:11:46 PM  [Apache] 	Status change detected: running
3:18:03 PM  [Apache] 	Attempting to stop Apache (PID: 37260)
3:18:03 PM  [Apache] 	Attempting to stop Apache (PID: 21368)
3:18:03 PM  [Apache] 	Status change detected: stopped
3:42:53 PM  [main] 	Deinitializing Modules
3:42:53 PM  [main] 	Deinitializing Control Panel

5:51:40 PM  [main] 	Initializing Control Panel
5:51:40 PM  [main] 	Windows Version:  Enterprise  64-bit
5:51:40 PM  [main] 	XAMPP Version: 8.0.10
5:51:40 PM  [main] 	Control Panel Version: 3.3.0  [ Compiled: Apr 6th 2021 ]
5:51:40 PM  [main] 	You are not running with administrator rights! This will work for
5:51:40 PM  [main] 	most application stuff but whenever you do something with services
5:51:40 PM  [main] 	there will be a security dialogue or things will break! So think 
5:51:40 PM  [main] 	about running this application with administrator rights!
5:51:40 PM  [main] 	XAMPP Installation Directory: "c:\hsbcad\mgmnt\backend\xampp\"
5:51:40 PM  [main] 	Checking for prerequisites
5:51:41 PM  [main] 	All prerequisites found
5:51:41 PM  [main] 	Initializing Modules
5:51:41 PM  [Apache] 	XAMPP Apache is already running on port 80
5:51:41 PM  [Apache] 	XAMPP Apache is already running on port 443
5:51:41 PM  [mysql] 	XAMPP MySQL is already running on port 3306
5:51:41 PM  [main] 	The FileZilla module is disabled
5:51:41 PM  [main] 	The Mercury module is disabled
5:51:41 PM  [main] 	Starting Check-Timer
5:51:41 PM  [main] 	Control Panel Ready
5:51:43 PM  [Apache] 	Attempting to stop Apache (PID: 35020)
5:51:43 PM  [Apache] 	Attempting to stop Apache (PID: 30432)
5:51:43 PM  [Apache] 	Status change detected: stopped
5:51:45 PM  [mysql] 	Attempting to stop MySQL app...
5:51:45 PM  [mysql] 	Status change detected: stopped
5:51:52 PM  [main] 	Deinitializing Modules
5:51:52 PM  [main] 	Deinitializing Control Panel

